[2025-03-06T20:17:04.430+0000] {manager.py:483} INFO - Processing files using up to 2 processes at a time 
[2025-03-06T20:17:04.431+0000] {manager.py:484} INFO - Process each file at most once every 30 seconds
[2025-03-06T20:17:04.431+0000] {manager.py:485} INFO - Checking for new files in /opt/airflow/dags every 300 seconds
[2025-03-06T20:17:04.432+0000] {manager.py:821} INFO - Searching for files in /opt/airflow/dags
[2025-03-06T20:17:04.433+0000] {manager.py:824} INFO - There are 2 files in /opt/airflow/dags
[2025-03-06T20:17:04.570+0000] {manager.py:997} INFO - 
================================================================================
DAG File Processing Stats

File Path                            PID  Runtime      # DAGs    # Errors  Last Runtime    Last Run      Last # of DB Queries
---------------------------------  -----  ---------  --------  ----------  --------------  ----------  ----------------------
/opt/airflow/dags/even_or_odd.py     175  0.04s             0           0                                                   0
/opt/airflow/dags/stock_market.py    178  0.03s             0           0                                                   0
================================================================================
[2025-03-06T20:17:35.657+0000] {manager.py:997} INFO - 
================================================================================
DAG File Processing Stats

File Path                            PID  Runtime      # DAGs    # Errors  Last Runtime    Last Run               Last # of DB Queries
---------------------------------  -----  ---------  --------  ----------  --------------  -------------------  ----------------------
/opt/airflow/dags/even_or_odd.py     185  0.01s             1           0  0.18s           2025-03-06T20:17:04                      12
/opt/airflow/dags/stock_market.py    188  0.00s             1           0  0.15s           2025-03-06T20:17:04                      12
================================================================================
[2025-03-06T20:18:07.633+0000] {manager.py:997} INFO - 
================================================================================
DAG File Processing Stats

File Path                          PID    Runtime      # DAGs    # Errors  Last Runtime    Last Run               Last # of DB Queries
---------------------------------  -----  ---------  --------  ----------  --------------  -------------------  ----------------------
/opt/airflow/dags/even_or_odd.py                            1           0  0.08s           2025-03-06T20:18:06                      12
/opt/airflow/dags/stock_market.py                           1           0  0.07s           2025-03-06T20:18:06                      12
================================================================================
[2025-03-06T20:18:40.545+0000] {manager.py:997} INFO - 
================================================================================
DAG File Processing Stats

File Path                          PID    Runtime      # DAGs    # Errors  Last Runtime    Last Run               Last # of DB Queries
---------------------------------  -----  ---------  --------  ----------  --------------  -------------------  ----------------------
/opt/airflow/dags/even_or_odd.py                            1           0  0.07s           2025-03-06T20:18:37                      12
/opt/airflow/dags/stock_market.py                           1           0  0.06s           2025-03-06T20:18:37                      12
================================================================================
[2025-03-06T20:19:13.461+0000] {manager.py:997} INFO - 
================================================================================
DAG File Processing Stats

File Path                          PID    Runtime      # DAGs    # Errors  Last Runtime    Last Run               Last # of DB Queries
---------------------------------  -----  ---------  --------  ----------  --------------  -------------------  ----------------------
/opt/airflow/dags/even_or_odd.py                            1           0  0.07s           2025-03-06T20:19:08                      12
/opt/airflow/dags/stock_market.py                           1           0  0.06s           2025-03-06T20:19:08                      12
================================================================================
[2025-03-06T20:19:44.828+0000] {manager.py:997} INFO - 
================================================================================
DAG File Processing Stats

File Path                          PID    Runtime      # DAGs    # Errors  Last Runtime    Last Run               Last # of DB Queries
---------------------------------  -----  ---------  --------  ----------  --------------  -------------------  ----------------------
/opt/airflow/dags/even_or_odd.py                            1           0  0.08s           2025-03-06T20:19:38                      12
/opt/airflow/dags/stock_market.py                           1           0  0.07s           2025-03-06T20:19:38                      12
================================================================================
[2025-03-06T20:20:15.957+0000] {manager.py:997} INFO - 
================================================================================
DAG File Processing Stats

File Path                          PID    Runtime      # DAGs    # Errors  Last Runtime    Last Run               Last # of DB Queries
---------------------------------  -----  ---------  --------  ----------  --------------  -------------------  ----------------------
/opt/airflow/dags/even_or_odd.py                            1           0  0.09s           2025-03-06T20:20:08                      12
/opt/airflow/dags/stock_market.py                           1           0  0.07s           2025-03-06T20:20:08                      12
================================================================================
[2025-03-06T20:20:46.874+0000] {manager.py:997} INFO - 
================================================================================
DAG File Processing Stats

File Path                          PID    Runtime      # DAGs    # Errors  Last Runtime    Last Run               Last # of DB Queries
---------------------------------  -----  ---------  --------  ----------  --------------  -------------------  ----------------------
/opt/airflow/dags/even_or_odd.py                            1           0  0.07s           2025-03-06T20:20:39                      12
/opt/airflow/dags/stock_market.py                           1           0  0.06s           2025-03-06T20:20:39                      12
================================================================================
[2025-03-06T20:21:19.801+0000] {manager.py:997} INFO - 
================================================================================
DAG File Processing Stats

File Path                          PID    Runtime      # DAGs    # Errors  Last Runtime    Last Run               Last # of DB Queries
---------------------------------  -----  ---------  --------  ----------  --------------  -------------------  ----------------------
/opt/airflow/dags/even_or_odd.py                            1           0  0.07s           2025-03-06T20:21:11                      12
/opt/airflow/dags/stock_market.py                           1           0  0.06s           2025-03-06T20:21:11                      12
================================================================================
[2025-03-06T20:21:52.722+0000] {manager.py:997} INFO - 
================================================================================
DAG File Processing Stats

File Path                          PID    Runtime      # DAGs    # Errors  Last Runtime    Last Run               Last # of DB Queries
---------------------------------  -----  ---------  --------  ----------  --------------  -------------------  ----------------------
/opt/airflow/dags/even_or_odd.py                            1           0  0.08s           2025-03-06T20:21:43                      12
/opt/airflow/dags/stock_market.py                           1           0  0.07s           2025-03-06T20:21:43                      12
================================================================================
[2025-03-06T20:22:04.767+0000] {manager.py:821} INFO - Searching for files in /opt/airflow/dags
[2025-03-06T20:22:04.768+0000] {manager.py:824} INFO - There are 2 files in /opt/airflow/dags
[2025-03-06T20:22:25.640+0000] {manager.py:997} INFO - 
================================================================================
DAG File Processing Stats

File Path                          PID    Runtime      # DAGs    # Errors  Last Runtime    Last Run               Last # of DB Queries
---------------------------------  -----  ---------  --------  ----------  --------------  -------------------  ----------------------
/opt/airflow/dags/even_or_odd.py                            1           0  0.07s           2025-03-06T20:22:16                      12
/opt/airflow/dags/stock_market.py                           1           0  0.06s           2025-03-06T20:22:16                      12
================================================================================
[2025-03-06T20:22:58.565+0000] {manager.py:997} INFO - 
================================================================================
DAG File Processing Stats

File Path                          PID    Runtime      # DAGs    # Errors  Last Runtime    Last Run               Last # of DB Queries
---------------------------------  -----  ---------  --------  ----------  --------------  -------------------  ----------------------
/opt/airflow/dags/even_or_odd.py                            1           0  0.08s           2025-03-06T20:22:49                      12
/opt/airflow/dags/stock_market.py                           1           0  0.07s           2025-03-06T20:22:49                      12
================================================================================
[2025-03-06T20:23:29.579+0000] {manager.py:997} INFO - 
================================================================================
DAG File Processing Stats

File Path                          PID    Runtime      # DAGs    # Errors  Last Runtime    Last Run               Last # of DB Queries
---------------------------------  -----  ---------  --------  ----------  --------------  -------------------  ----------------------
/opt/airflow/dags/even_or_odd.py                            1           0  0.08s           2025-03-06T20:23:20                      12
/opt/airflow/dags/stock_market.py                           1           0  0.07s           2025-03-06T20:23:20                      12
================================================================================
[2025-03-06T20:23:59.816+0000] {manager.py:997} INFO - 
================================================================================
DAG File Processing Stats

File Path                          PID    Runtime      # DAGs    # Errors  Last Runtime    Last Run               Last # of DB Queries
---------------------------------  -----  ---------  --------  ----------  --------------  -------------------  ----------------------
/opt/airflow/dags/even_or_odd.py                            1           0  0.08s           2025-03-06T20:23:50                      12
/opt/airflow/dags/stock_market.py                           1           0  0.07s           2025-03-06T20:23:50                      12
================================================================================
[2025-03-06T20:24:30.573+0000] {manager.py:997} INFO - 
================================================================================
DAG File Processing Stats

File Path                          PID    Runtime      # DAGs    # Errors  Last Runtime    Last Run               Last # of DB Queries
---------------------------------  -----  ---------  --------  ----------  --------------  -------------------  ----------------------
/opt/airflow/dags/even_or_odd.py                            1           0  0.07s           2025-03-06T20:24:21                      12
/opt/airflow/dags/stock_market.py                           1           0  0.06s           2025-03-06T20:24:21                      12
================================================================================
[2025-03-06T20:25:03.489+0000] {manager.py:997} INFO - 
================================================================================
DAG File Processing Stats

File Path                          PID    Runtime      # DAGs    # Errors  Last Runtime    Last Run               Last # of DB Queries
---------------------------------  -----  ---------  --------  ----------  --------------  -------------------  ----------------------
/opt/airflow/dags/even_or_odd.py                            1           0  0.07s           2025-03-06T20:24:53                      12
/opt/airflow/dags/stock_market.py                           1           0  0.06s           2025-03-06T20:24:53                      12
================================================================================
[2025-03-06T20:25:36.407+0000] {manager.py:997} INFO - 
================================================================================
DAG File Processing Stats

File Path                          PID    Runtime      # DAGs    # Errors  Last Runtime    Last Run               Last # of DB Queries
---------------------------------  -----  ---------  --------  ----------  --------------  -------------------  ----------------------
/opt/airflow/dags/even_or_odd.py                            1           0  0.07s           2025-03-06T20:25:26                      12
/opt/airflow/dags/stock_market.py                           1           0  0.06s           2025-03-06T20:25:26                      12
================================================================================
[2025-03-06T20:26:09.318+0000] {manager.py:997} INFO - 
================================================================================
DAG File Processing Stats

File Path                          PID    Runtime      # DAGs    # Errors  Last Runtime    Last Run               Last # of DB Queries
---------------------------------  -----  ---------  --------  ----------  --------------  -------------------  ----------------------
/opt/airflow/dags/even_or_odd.py                            1           0  0.07s           2025-03-06T20:25:59                      12
/opt/airflow/dags/stock_market.py                           1           0  0.06s           2025-03-06T20:25:59                      12
================================================================================
[2025-03-06T20:26:42.241+0000] {manager.py:997} INFO - 
================================================================================
DAG File Processing Stats

File Path                          PID    Runtime      # DAGs    # Errors  Last Runtime    Last Run               Last # of DB Queries
---------------------------------  -----  ---------  --------  ----------  --------------  -------------------  ----------------------
/opt/airflow/dags/even_or_odd.py                            1           0  0.07s           2025-03-06T20:26:32                      12
/opt/airflow/dags/stock_market.py                           1           0  0.06s           2025-03-06T20:26:32                      12
================================================================================
[2025-03-06T20:27:05.042+0000] {manager.py:821} INFO - Searching for files in /opt/airflow/dags
[2025-03-06T20:27:05.043+0000] {manager.py:824} INFO - There are 2 files in /opt/airflow/dags
[2025-03-06T20:27:15.169+0000] {manager.py:997} INFO - 
================================================================================
DAG File Processing Stats

File Path                          PID    Runtime      # DAGs    # Errors  Last Runtime    Last Run               Last # of DB Queries
---------------------------------  -----  ---------  --------  ----------  --------------  -------------------  ----------------------
/opt/airflow/dags/even_or_odd.py                            1           0  0.08s           2025-03-06T20:27:05                      12
/opt/airflow/dags/stock_market.py                           1           0  0.07s           2025-03-06T20:27:05                      12
================================================================================
[2025-03-06T20:27:46.278+0000] {manager.py:997} INFO - 
================================================================================
DAG File Processing Stats

File Path                          PID    Runtime      # DAGs    # Errors  Last Runtime    Last Run               Last # of DB Queries
---------------------------------  -----  ---------  --------  ----------  --------------  -------------------  ----------------------
/opt/airflow/dags/even_or_odd.py                            1           0  0.07s           2025-03-06T20:27:35                      12
/opt/airflow/dags/stock_market.py                           1           0  0.06s           2025-03-06T20:27:35                      12
================================================================================
[2025-03-06T20:28:17.408+0000] {manager.py:997} INFO - 
================================================================================
DAG File Processing Stats

File Path                          PID    Runtime      # DAGs    # Errors  Last Runtime    Last Run               Last # of DB Queries
---------------------------------  -----  ---------  --------  ----------  --------------  -------------------  ----------------------
/opt/airflow/dags/even_or_odd.py                            1           0  0.08s           2025-03-06T20:28:06                      12
/opt/airflow/dags/stock_market.py                           1           0  0.07s           2025-03-06T20:28:06                      12
================================================================================
[2025-03-06T20:28:47.613+0000] {manager.py:997} INFO - 
================================================================================
DAG File Processing Stats

File Path                          PID    Runtime      # DAGs    # Errors  Last Runtime    Last Run               Last # of DB Queries
---------------------------------  -----  ---------  --------  ----------  --------------  -------------------  ----------------------
/opt/airflow/dags/even_or_odd.py                            1           0  0.08s           2025-03-06T20:28:36                      12
/opt/airflow/dags/stock_market.py                           1           0  0.07s           2025-03-06T20:28:36                      12
================================================================================
[2025-03-06T20:29:18.346+0000] {manager.py:997} INFO - 
================================================================================
DAG File Processing Stats

File Path                          PID    Runtime      # DAGs    # Errors  Last Runtime    Last Run               Last # of DB Queries
---------------------------------  -----  ---------  --------  ----------  --------------  -------------------  ----------------------
/opt/airflow/dags/even_or_odd.py                            1           0  0.07s           2025-03-06T20:29:07                      12
/opt/airflow/dags/stock_market.py                           1           0  0.06s           2025-03-06T20:29:07                      12
================================================================================
[2025-03-06T20:29:51.264+0000] {manager.py:997} INFO - 
================================================================================
DAG File Processing Stats

File Path                          PID    Runtime      # DAGs    # Errors  Last Runtime    Last Run               Last # of DB Queries
---------------------------------  -----  ---------  --------  ----------  --------------  -------------------  ----------------------
/opt/airflow/dags/even_or_odd.py                            1           0  0.07s           2025-03-06T20:29:40                      12
/opt/airflow/dags/stock_market.py                           1           0  0.06s           2025-03-06T20:29:40                      12
================================================================================
[2025-03-06T20:30:24.188+0000] {manager.py:997} INFO - 
================================================================================
DAG File Processing Stats

File Path                          PID    Runtime      # DAGs    # Errors  Last Runtime    Last Run               Last # of DB Queries
---------------------------------  -----  ---------  --------  ----------  --------------  -------------------  ----------------------
/opt/airflow/dags/even_or_odd.py                            1           0  0.07s           2025-03-06T20:30:12                      12
/opt/airflow/dags/stock_market.py                           1           0  0.06s           2025-03-06T20:30:12                      12
================================================================================
[2025-03-06T20:30:57.108+0000] {manager.py:997} INFO - 
================================================================================
DAG File Processing Stats

File Path                          PID    Runtime      # DAGs    # Errors  Last Runtime    Last Run               Last # of DB Queries
---------------------------------  -----  ---------  --------  ----------  --------------  -------------------  ----------------------
/opt/airflow/dags/even_or_odd.py                            1           0  0.07s           2025-03-06T20:30:45                      12
/opt/airflow/dags/stock_market.py                           1           0  0.06s           2025-03-06T20:30:45                      12
================================================================================
[2025-03-06T20:31:28.126+0000] {manager.py:997} INFO - 
================================================================================
DAG File Processing Stats

File Path                          PID    Runtime      # DAGs    # Errors  Last Runtime    Last Run               Last # of DB Queries
---------------------------------  -----  ---------  --------  ----------  --------------  -------------------  ----------------------
/opt/airflow/dags/even_or_odd.py                            1           0  0.08s           2025-03-06T20:31:16                      12
/opt/airflow/dags/stock_market.py                           1           0  0.07s           2025-03-06T20:31:16                      12
================================================================================
[2025-03-06T20:31:59.313+0000] {manager.py:997} INFO - 
================================================================================
DAG File Processing Stats

File Path                          PID    Runtime      # DAGs    # Errors  Last Runtime    Last Run               Last # of DB Queries
---------------------------------  -----  ---------  --------  ----------  --------------  -------------------  ----------------------
/opt/airflow/dags/even_or_odd.py                            1           0  0.07s           2025-03-06T20:31:47                      12
/opt/airflow/dags/stock_market.py                           1           0  0.06s           2025-03-06T20:31:47                      12
================================================================================
[2025-03-06T20:32:05.335+0000] {manager.py:821} INFO - Searching for files in /opt/airflow/dags
[2025-03-06T20:32:05.336+0000] {manager.py:824} INFO - There are 2 files in /opt/airflow/dags
[2025-03-06T20:32:32.179+0000] {manager.py:997} INFO - 
================================================================================
DAG File Processing Stats

File Path                          PID    Runtime      # DAGs    # Errors  Last Runtime    Last Run               Last # of DB Queries
---------------------------------  -----  ---------  --------  ----------  --------------  -------------------  ----------------------
/opt/airflow/dags/even_or_odd.py                            1           0  0.08s           2025-03-06T20:32:20                      12
/opt/airflow/dags/stock_market.py                           1           0  0.07s           2025-03-06T20:32:20                      12
================================================================================
[2025-03-06T20:33:05.089+0000] {manager.py:997} INFO - 
================================================================================
DAG File Processing Stats

File Path                          PID    Runtime      # DAGs    # Errors  Last Runtime    Last Run               Last # of DB Queries
---------------------------------  -----  ---------  --------  ----------  --------------  -------------------  ----------------------
/opt/airflow/dags/even_or_odd.py                            1           0  0.08s           2025-03-06T20:32:52                      12
/opt/airflow/dags/stock_market.py                           1           0  0.07s           2025-03-06T20:32:52                      12
================================================================================
[2025-03-06T20:33:38.015+0000] {manager.py:997} INFO - 
================================================================================
DAG File Processing Stats

File Path                          PID    Runtime      # DAGs    # Errors  Last Runtime    Last Run               Last # of DB Queries
---------------------------------  -----  ---------  --------  ----------  --------------  -------------------  ----------------------
/opt/airflow/dags/even_or_odd.py                            1           0  0.08s           2025-03-06T20:33:24                      12
/opt/airflow/dags/stock_market.py                           1           0  0.07s           2025-03-06T20:33:24                      12
================================================================================
[2025-03-06T20:34:10.876+0000] {manager.py:997} INFO - 
================================================================================
DAG File Processing Stats

File Path                          PID    Runtime      # DAGs    # Errors  Last Runtime    Last Run               Last # of DB Queries
---------------------------------  -----  ---------  --------  ----------  --------------  -------------------  ----------------------
/opt/airflow/dags/even_or_odd.py                            1           0  0.08s           2025-03-06T20:33:57                      12
/opt/airflow/dags/stock_market.py                           1           0  0.08s           2025-03-06T20:33:57                      12
================================================================================
[2025-03-06T20:34:43.792+0000] {manager.py:997} INFO - 
================================================================================
DAG File Processing Stats

File Path                          PID    Runtime      # DAGs    # Errors  Last Runtime    Last Run               Last # of DB Queries
---------------------------------  -----  ---------  --------  ----------  --------------  -------------------  ----------------------
/opt/airflow/dags/even_or_odd.py                            1           0  0.08s           2025-03-06T20:34:30                      12
/opt/airflow/dags/stock_market.py                           1           0  0.07s           2025-03-06T20:34:30                      12
================================================================================
[2025-03-06T20:35:14.807+0000] {manager.py:997} INFO - 
================================================================================
DAG File Processing Stats

File Path                          PID    Runtime      # DAGs    # Errors  Last Runtime    Last Run               Last # of DB Queries
---------------------------------  -----  ---------  --------  ----------  --------------  -------------------  ----------------------
/opt/airflow/dags/even_or_odd.py                            1           0  0.08s           2025-03-06T20:35:01                      12
/opt/airflow/dags/stock_market.py                           1           0  0.07s           2025-03-06T20:35:01                      12
================================================================================
[2025-03-06T20:35:45.111+0000] {manager.py:997} INFO - 
================================================================================
DAG File Processing Stats

File Path                          PID    Runtime      # DAGs    # Errors  Last Runtime    Last Run               Last # of DB Queries
---------------------------------  -----  ---------  --------  ----------  --------------  -------------------  ----------------------
/opt/airflow/dags/even_or_odd.py                            1           0  0.07s           2025-03-06T20:35:32                      12
/opt/airflow/dags/stock_market.py                           1           0  0.06s           2025-03-06T20:35:32                      12
================================================================================
[2025-03-06T20:36:18.037+0000] {manager.py:997} INFO - 
================================================================================
DAG File Processing Stats

File Path                          PID    Runtime      # DAGs    # Errors  Last Runtime    Last Run               Last # of DB Queries
---------------------------------  -----  ---------  --------  ----------  --------------  -------------------  ----------------------
/opt/airflow/dags/even_or_odd.py                            1           0  0.07s           2025-03-06T20:36:03                      12
/opt/airflow/dags/stock_market.py                           1           0  0.06s           2025-03-06T20:36:03                      12
================================================================================
[2025-03-06T20:36:30.332+0000] {manager.py:465} INFO - Exiting gracefully upon receiving signal 15
